[2020/3/25 9:50:34][INFO][uibot59b66fabdbcb7.task][15] 2020-03-25 09:50:34--读取配置信息--完毕
[2020/3/25 9:51:00][INFO][uibot3811e3e9a89eb6.task][169] 当前月份-2020-03
[2020/3/25 9:51:03][INFO][uibot59b66fabdbcb7.task][50] 200
[2020/3/25 9:51:14][INFO][uibot59b66fabdbcb7.task][79] 200
[2020/3/25 9:51:15][INFO][uibot59b66fabdbcb7.task][98] 2020-03-25 09:51:15--执行流程--登录成功
[2020/3/25 9:51:23][INFO][uibot59b66fabdbcb7.task][415] 2020-03-25 09:51:23抓取-2020-03-月度统计表头--数据
[2020/3/25 9:51:23][INFO][uibot59b66fabdbcb7.task][421] 抓取-2020-03-月度表头数据--成功
[2020/3/25 9:51:34][INFO][uibot59b66fabdbcb7.task][435] 抓取-2020-03-月度下拉数据--成功
[2020/3/25 9:51:34][INFO][uibot59b66fabdbcb7.task][869] http://132.40.22.6/index.php/implement/addmonth/getcache
[2020/3/25 9:51:34][INFO][uibot59b66fabdbcb7.task][871] ﻿code:1
[2020/3/25 9:51:34][INFO][uibot59b66fabdbcb7.task][873] [ "﻿code", "1" ]

[2020/3/25 9:51:34][INFO][uibot59b66fabdbcb7.task][876] 数据库可以正常写入等操作
[2020/3/25 9:51:34][INFO][uibot3811e3e9a89eb6.task][328] 开始处理并传递-月度统计--数据
[2020/3/25 9:51:35][INFO][uibot38128a1d5acc80.task][59] 2020-03-25 09:51:35--执行流程--月度统计表数据传递完毕
[2020/3/25 9:51:35][INFO][uibot38128a1d5acc80.task][63] --执行流程--运行完美落幕~
[2020/3/25 9:51:39][INFO][uibot59b66fabdbcb7.task][484] 200
[2020/3/25 9:51:46][INFO][uibot59b66fabdbcb7.task][512] 200
[2020/3/25 9:51:48][INFO][uibot59b66fabdbcb7.task][523] 2020-03-25 09:51:48--执行指挥平台--登录成功
[2020/3/25 9:51:56][INFO][uibot59b66fabdbcb7.task][546] 进入核心指标页面
[2020/3/25 9:51:58][INFO][uibot59b66fabdbcb7.task][559] 200
[2020/3/25 9:52:01][INFO][uibot59b66fabdbcb7.task][577] 抓取--核心指标--四大效率指标--成功
[2020/3/25 9:52:11][INFO][uibot59b66fabdbcb7.task][622] 开始抓取--2019年--3+1核心指标数据
[2020/3/25 9:52:14][INFO][uibot59b66fabdbcb7.task][625] 处理并传递--2019年--3+1核心指标数据--成功
[2020/3/25 9:52:21][INFO][uibot59b66fabdbcb7.task][622] 开始抓取--2018年--3+1核心指标数据
[2020/3/25 9:52:23][INFO][uibot59b66fabdbcb7.task][625] 处理并传递--2018年--3+1核心指标数据--成功
[2020/3/25 9:52:30][INFO][uibot59b66fabdbcb7.task][622] 开始抓取--2017年--3+1核心指标数据
[2020/3/25 9:52:31][INFO][uibot59b66fabdbcb7.task][625] 处理并传递--2017年--3+1核心指标数据--成功
[2020/3/25 9:52:38][INFO][uibot59b66fabdbcb7.task][622] 开始抓取--2016年--3+1核心指标数据
[2020/3/25 9:52:40][INFO][uibot59b66fabdbcb7.task][625] 处理并传递--2016年--3+1核心指标数据--成功
[2020/3/25 9:52:47][INFO][uibot59b66fabdbcb7.task][622] 开始抓取--2016年至2018年--3+1核心指标数据
[2020/3/25 9:52:48][INFO][uibot59b66fabdbcb7.task][625] 处理并传递--2016年至2018年--3+1核心指标数据--成功
[2020/3/25 9:52:56][INFO][uibot59b66fabdbcb7.task][645] 抓取3+1核心指标页面数据
[2020/3/25 9:52:57][INFO][uibot59b66fabdbcb7.task][648] 传递3+1核心指标页面数据成功
[2020/3/25 9:53:05][INFO][uibot59b66fabdbcb7.task][645] 抓取3+1核心指标页面数据
[2020/3/25 9:53:06][INFO][uibot59b66fabdbcb7.task][648] 传递3+1核心指标页面数据成功
[2020/3/25 9:53:07][INFO][uibot38128a1d5acc80.task][92] 2020-03-25 09:53:07--执行指挥平台--3+1核心指标表数据传递完毕
[2020/3/25 9:53:13][INFO][uibot59b66fabdbcb7.task][668] 进入--质效考核--页面
[2020/3/25 9:53:14][INFO][uibot38128a1d5acc80.task][103] 200
[2020/3/25 9:53:14][INFO][uibot3811e3e9a89eb6.task][169] 当前月份-2020-03
[2020/3/25 9:53:35][INFO][uibot59b66fabdbcb7.task][727] 开始抓取--2020年3月--质效考核表
[2020/3/25 9:53:35][INFO][uibot59b66fabdbcb7.task][731] 抓取--2020年3--月质效考核表成功
[2020/3/25 9:53:35][INFO][uibot59b66fabdbcb7.task][869] http://132.40.22.6/index.php/implement/addeffect/getcache
[2020/3/25 9:53:35][INFO][uibot59b66fabdbcb7.task][871] ﻿code:1
[2020/3/25 9:53:35][INFO][uibot59b66fabdbcb7.task][873] [ "﻿code", "1" ]

[2020/3/25 9:53:35][INFO][uibot59b66fabdbcb7.task][876] 数据库可以正常写入等操作
[2020/3/25 9:53:57][INFO][uibot38128a1d5acc80.task][167] --执行指挥平台--传入2020年3月质效考核成功
[2020/3/25 9:53:57][INFO][uibot38128a1d5acc80.task][111] 2020-03-25 09:53:57--执行指挥平台--质效考核表数据传递完毕
[2020/3/25 9:53:57][INFO][uibot3811e3e9a89eb6.task][169] 当前月份-2020-03
[2020/3/25 9:54:20][INFO][uibot59b66fabdbcb7.task][786] 开始抓取--2020年3月--综合管理表
[2020/3/25 9:54:20][INFO][uibot59b66fabdbcb7.task][790] 抓取--2020年3月--综合管理表--成功
[2020/3/25 9:54:20][INFO][uibot59b66fabdbcb7.task][869] http://132.40.22.6/index.php/implement/addmultiple/getcache
[2020/3/25 9:54:21][INFO][uibot59b66fabdbcb7.task][871] ﻿code:1
[2020/3/25 9:54:21][INFO][uibot59b66fabdbcb7.task][873] [ "﻿code", "1" ]

[2020/3/25 9:54:21][INFO][uibot59b66fabdbcb7.task][876] 数据库可以正常写入等操作
[2020/3/25 9:54:38][INFO][uibot38128a1d5acc80.task][190] --执行指挥平台--传入2020年3月综合管理成功
[2020/3/25 9:54:38][INFO][uibot38128a1d5acc80.task][118] 2020-03-25 09:54:38--执行指挥平台--综合管理表数据传递完毕
[2020/3/25 9:54:38][INFO][uibot3811e3e9a89eb6.task][169] 当前月份-2020-03
[2020/3/25 9:55:03][INFO][uibot59b66fabdbcb7.task][835] 开始抓取--2020年3月--汇总展示表
[2020/3/25 9:55:03][INFO][uibot59b66fabdbcb7.task][838] 抓取--2020年3月--汇总展示表--成功
[2020/3/25 9:55:03][INFO][uibot59b66fabdbcb7.task][869] http://132.40.22.6/index.php/implement/addbase/getcache
[2020/3/25 9:55:03][INFO][uibot59b66fabdbcb7.task][871] ﻿code:1
[2020/3/25 9:55:03][INFO][uibot59b66fabdbcb7.task][873] [ "﻿code", "1" ]

[2020/3/25 9:55:03][INFO][uibot59b66fabdbcb7.task][876] 数据库可以正常写入等操作
[2020/3/25 9:55:03][INFO][uibot3811e3e9a89eb6.task][268] 开始处理并传递--汇总--数据
[2020/3/25 9:55:04][INFO][uibot3811e3e9a89eb6.task][278] 处理并传递--汇总--数据成功
[2020/3/25 9:55:04][INFO][uibot38128a1d5acc80.task][226] --执行指挥平台--传入2020年3月汇总展示成功
[2020/3/25 9:55:04][INFO][uibot38128a1d5acc80.task][125] 2020-03-25 09:55:04--执行指挥平台--汇总展示表数据传递完毕
[2020/3/25 9:55:04][INFO][uibot38128a1d5acc80.task][129] --执行指挥平台--运行圆满结束~
[2020/3/25 10:08:45][INFO][][0] 运行已结束
