[2020/3/25 9:41:22][INFO][uibot59b66fabdbcb7.task][15] 2020-03-25 09:41:22--读取配置信息--完毕
[2020/3/25 9:42:00][INFO][uibot3811e3e9a89eb6.task][169] 当前月份-2020-03
[2020/3/25 9:42:06][INFO][uibot59b66fabdbcb7.task][50] 200
[2020/3/25 9:42:17][INFO][uibot59b66fabdbcb7.task][79] 200
[2020/3/25 9:42:18][INFO][uibot59b66fabdbcb7.task][98] 2020-03-25 09:42:18--执行流程--登录成功
[2020/3/25 9:42:26][INFO][uibot59b66fabdbcb7.task][415] 2020-03-25 09:42:26抓取-2020-03-月度统计表头--数据
[2020/3/25 9:42:26][INFO][uibot59b66fabdbcb7.task][421] 抓取-2020-03-月度表头数据--成功
[2020/3/25 9:42:37][INFO][uibot59b66fabdbcb7.task][435] 抓取-2020-03-月度下拉数据--成功
[2020/3/25 9:42:37][INFO][uibot59b66fabdbcb7.task][869] http://132.40.22.6/index.php/implement/addmonth/getcache
[2020/3/25 9:42:37][INFO][uibot59b66fabdbcb7.task][873] [ "﻿code", "1" ]

[2020/3/25 9:42:37][INFO][uibot59b66fabdbcb7.task][876] 数据库可以正常写入等操作
[2020/3/25 9:42:37][INFO][uibot3811e3e9a89eb6.task][328] 开始处理并传递-月度统计--数据
[2020/3/25 9:42:38][INFO][uibot38128a1d5acc80.task][59] 2020-03-25 09:42:38--执行流程--月度统计表数据传递完毕
[2020/3/25 9:42:38][INFO][uibot38128a1d5acc80.task][63] --执行流程--运行完美落幕~
[2020/3/25 9:42:43][INFO][uibot59b66fabdbcb7.task][484] 200
[2020/3/25 9:42:55][INFO][uibot59b66fabdbcb7.task][512] 200
[2020/3/25 9:42:56][INFO][uibot59b66fabdbcb7.task][523] 2020-03-25 09:42:56--执行指挥平台--登录成功
[2020/3/25 9:43:08][INFO][uibot59b66fabdbcb7.task][546] 进入核心指标页面
[2020/3/25 9:43:09][INFO][uibot59b66fabdbcb7.task][559] 200
[2020/3/25 9:43:13][INFO][uibot59b66fabdbcb7.task][577] 抓取--核心指标--四大效率指标--成功
[2020/3/25 9:43:22][INFO][uibot59b66fabdbcb7.task][622] 开始抓取--2019年--3+1核心指标数据
[2020/3/25 9:43:24][INFO][uibot59b66fabdbcb7.task][625] 处理并传递--2019年--3+1核心指标数据--成功
[2020/3/25 9:43:31][INFO][uibot59b66fabdbcb7.task][622] 开始抓取--2018年--3+1核心指标数据
[2020/3/25 9:43:33][INFO][uibot59b66fabdbcb7.task][625] 处理并传递--2018年--3+1核心指标数据--成功
[2020/3/25 9:43:40][INFO][uibot59b66fabdbcb7.task][622] 开始抓取--2017年--3+1核心指标数据
[2020/3/25 9:43:42][INFO][uibot59b66fabdbcb7.task][625] 处理并传递--2017年--3+1核心指标数据--成功
[2020/3/25 9:43:48][INFO][uibot59b66fabdbcb7.task][622] 开始抓取--2016年--3+1核心指标数据
[2020/3/25 9:43:50][INFO][uibot59b66fabdbcb7.task][625] 处理并传递--2016年--3+1核心指标数据--成功
[2020/3/25 9:43:57][INFO][uibot59b66fabdbcb7.task][622] 开始抓取--2016年至2018年--3+1核心指标数据
[2020/3/25 9:43:59][INFO][uibot59b66fabdbcb7.task][625] 处理并传递--2016年至2018年--3+1核心指标数据--成功
[2020/3/25 9:44:07][INFO][uibot59b66fabdbcb7.task][645] 抓取3+1核心指标页面数据
[2020/3/25 9:44:08][INFO][uibot59b66fabdbcb7.task][648] 传递3+1核心指标页面数据成功
[2020/3/25 9:44:16][INFO][uibot59b66fabdbcb7.task][645] 抓取3+1核心指标页面数据
[2020/3/25 9:44:17][INFO][uibot59b66fabdbcb7.task][648] 传递3+1核心指标页面数据成功
[2020/3/25 9:44:18][INFO][uibot38128a1d5acc80.task][92] 2020-03-25 09:44:18--执行指挥平台--3+1核心指标表数据传递完毕
[2020/3/25 9:44:24][INFO][uibot59b66fabdbcb7.task][668] 进入--质效考核--页面
[2020/3/25 9:44:25][INFO][uibot38128a1d5acc80.task][103] 200
[2020/3/25 9:44:25][INFO][uibot3811e3e9a89eb6.task][169] 当前月份-2020-03
[2020/3/25 9:44:50][INFO][uibot59b66fabdbcb7.task][727] 开始抓取--2020年3月--质效考核表
[2020/3/25 9:44:50][INFO][uibot59b66fabdbcb7.task][731] 抓取--2020年3--月质效考核表成功
[2020/3/25 9:44:50][INFO][uibot59b66fabdbcb7.task][869] http://132.40.22.6/index.php/implement/addeffect/getcache
[2020/3/25 9:44:50][INFO][uibot59b66fabdbcb7.task][873] [ "﻿1" ]

[2020/3/25 9:44:50][ERROR][uibot38128a1d5acc80.task][140] {
   "File" : "uibot59b66fabdbcb7.task",
   "Line" : 874,
   "Message" : "数组索引越界"
}

[2020/3/25 9:44:50][WARN][uibot38128a1d5acc80.task][143] 2020-03-25 09:44:50--执行指挥平台--运行异常---1次
[2020/3/25 9:44:53][INFO][][0] 运行已结束
